

== Warning ==  output dir is not empty! Please, clean output directory before run.


Command line: /home/billerlab/software/SPAdes-3.15.5-Linux/bin//spades.py	-o	/home/billerlab/gray/genPride/results/assembled_seqs	--meta	-1	/home/billerlab/gray/data_GP/test_fwd.fastq.gz	-2	/home/billerlab/gray/data_GP/test_bwd.fastq.gz	-t	20	-m	250	

System information:
  SPAdes version: 3.15.5
  Python version: 3.10.4
  OS: Linux-3.10.0-1062.el7.x86_64-x86_64-with-glibc2.17

Output dir: /home/billerlab/gray/genPride/results/assembled_seqs
Mode: read error correction and assembling
Debug mode is turned OFF

Dataset parameters:
  Metagenomic mode
  Reads:
    Library number: 1, library type: paired-end
      orientation: fr
      left reads: ['/home/billerlab/gray/data_GP/test_fwd.fastq.gz']
      right reads: ['/home/billerlab/gray/data_GP/test_bwd.fastq.gz']
      interlaced reads: not specified
      single reads: not specified
      merged reads: not specified
Read error correction parameters:
  Iterations: 1
  PHRED offset will be auto-detected
  Corrected reads will be compressed
Assembly parameters:
  k: [21, 33, 55]
  Repeat resolution is enabled
  Mismatch careful mode is turned OFF
  MismatchCorrector will be SKIPPED
  Coverage cutoff is turned OFF
Other parameters:
  Dir for temp files: /home/billerlab/gray/genPride/results/assembled_seqs/tmp
  Threads: 20
  Memory limit (in Gb): 250


======= SPAdes pipeline started. Log can be found here: /home/billerlab/gray/genPride/results/assembled_seqs/spades.log

/home/billerlab/gray/data_GP/test_fwd.fastq.gz: max reads length: 151
/home/billerlab/gray/data_GP/test_bwd.fastq.gz: max reads length: 151

Reads length: 151


===== Before start started. 


===== Read error correction started. 


===== Read error correction started. 


== Running: /home/billerlab/software/SPAdes-3.15.5-Linux/bin/spades-hammer /home/billerlab/gray/genPride/results/assembled_seqs/corrected/configs/config.info

  0:00:00.000     1M / 26M   INFO    General                 (main.cpp                  :  75)   Starting BayesHammer, built from refs/heads/spades_3.15.5, git revision e757b8216f9a038fb616e9551a2d4891b2d19ad7
  0:00:00.000     1M / 26M   INFO    General                 (main.cpp                  :  76)   Loading config from /home/billerlab/gray/genPride/results/assembled_seqs/corrected/configs/config.info
  0:00:00.001     1M / 26M   INFO    General                 (main.cpp                  :  78)   Maximum # of threads to use (adjusted due to OMP capabilities): 1
  0:00:00.001     1M / 26M   INFO    General                 (memory_limit.cpp          :  54)   Memory limit set to 250 Gb
  0:00:00.001     1M / 26M   INFO    General                 (main.cpp                  :  86)   Trying to determine PHRED offset
  0:00:00.002     1M / 26M   INFO    General                 (main.cpp                  :  92)   Determined value is 33
  0:00:00.002     1M / 26M   INFO    General                 (hammer_tools.cpp          :  38)   Hamming graph threshold tau=1, k=21, subkmer positions = [ 0 10 ]
  0:00:00.002     1M / 26M   INFO    General                 (main.cpp                  : 113)   Size of aux. kmer data 24 bytes
     === ITERATION 0 begins ===
  0:00:00.002     1M / 26M   INFO   K-mer Counting           (kmer_data.cpp             : 283)   Estimating k-mer count
  0:00:00.007    17M / 26M   INFO   K-mer Counting           (kmer_data.cpp             : 288)   Processing /home/billerlab/gray/data_GP/test_fwd.fastq.gz
  0:01:10.148    17M / 26M   INFO   K-mer Counting           (kmer_data.cpp             : 297)   Processed 2893930 reads
  0:01:10.148    17M / 26M   INFO   K-mer Counting           (kmer_data.cpp             : 288)   Processing /home/billerlab/gray/data_GP/test_bwd.fastq.gz
  0:02:16.898    17M / 26M   INFO   K-mer Counting           (kmer_data.cpp             : 297)   Processed 5737215 reads
  0:02:16.898    17M / 26M   INFO   K-mer Counting           (kmer_data.cpp             : 302)   Total 5737215 reads processed
  0:02:17.251    17M / 26M   INFO   K-mer Counting           (kmer_data.cpp             : 305)   Estimated 1109412202 distinct kmers
  0:02:17.252     1M / 26M   INFO   K-mer Counting           (kmer_data.cpp             : 309)   Filtering singleton k-mers
  0:02:17.253  5193M / 5193M INFO   K-mer Counting           (kmer_data.cpp             : 315)   Processing /home/billerlab/gray/data_GP/test_fwd.fastq.gz
slurmstepd: error: *** JOB 44369137 ON node101 CANCELLED AT 2022-10-04T17:58:51 ***
