Create directory results/05-clustered_seqs/cellular_subset_cluster/cluster_tmp
easy-cluster results/04-protein_seqs/cellular_subset_prot_seqs/protein_translations.faa results/05-clustered_seqs/cellular_subset results/05-clustered_seqs/cellular_subset_cluster/cluster_tmp --min-seq-id 0.95 -c 0.9 --cov-mode 1 

MMseqs Version:                     	14.7e284
Substitution matrix                 	aa:blosum62.out,nucl:nucleotide.out
Seed substitution matrix            	aa:VTML80.out,nucl:nucleotide.out
Sensitivity                         	4
k-mer length                        	0
k-score                             	seq:2147483647,prof:2147483647
Alphabet size                       	aa:21,nucl:5
Max sequence length                 	65535
Max results per query               	20
Split database                      	0
Split mode                          	2
Split memory limit                  	0
Coverage threshold                  	0.9
Coverage mode                       	1
Compositional bias                  	1
Compositional bias                  	1
Diagonal scoring                    	true
Exact k-mer matching                	0
Mask residues                       	1
Mask residues probability           	0.9
Mask lower case residues            	0
Minimum diagonal score              	15
Selected taxa                       	
Include identical seq. id.          	false
Spaced k-mers                       	1
Preload mode                        	0
Pseudo count a                      	substitution:1.100,context:1.400
Pseudo count b                      	substitution:4.100,context:5.800
Spaced k-mer pattern                	
Local temporary path                	
Threads                             	20
Compressed                          	0
Verbosity                           	3
Add backtrace                       	false
Alignment mode                      	3
Alignment mode                      	0
Allow wrapped scoring               	false
E-value threshold                   	0.001
Seq. id. threshold                  	0.95
Min alignment length                	0
Seq. id. mode                       	0
Alternative alignments              	0
Max reject                          	2147483647
Max accept                          	2147483647
Score bias                          	0
Realign hits                        	false
Realign score bias                  	-0.2
Realign max seqs                    	2147483647
Correlation score weight            	0
Gap open cost                       	aa:11,nucl:5
Gap extension cost                  	aa:1,nucl:2
Zdrop                               	40
Rescore mode                        	0
Remove hits by seq. id. and coverage	false
Sort results                        	0
Cluster mode                        	0
Max connected component depth       	1000
Similarity type                     	2
Single step clustering              	false
Cascaded clustering steps           	3
Cluster reassign                    	false
Remove temporary files              	true
Force restart with latest tmp       	false
MPI runner                          	
k-mers per sequence                 	21
Scale k-mers per sequence           	aa:0.000,nucl:0.200
Adjust k-mer length                 	false
Shift hash                          	67
Include only extendable             	false
Skip repeating k-mers               	false
Database type                       	0
Shuffle input database              	true
Createdb mode                       	1
Write lookup file                   	0
Offset of numeric ids               	0

createdb results/04-protein_seqs/cellular_subset_prot_seqs/protein_translations.faa results/05-clustered_seqs/cellular_subset_cluster/cluster_tmp/5647702453962847996/input --dbtype 0 --shuffle 1 --createdb-mode 1 --write-lookup 0 --id-offset 0 --compressed 0 -v 3 

Shuffle database cannot be combined with --createdb-mode 0
We recompute with --shuffle 0
Converting sequences
[Multiline fasta can not be combined with --createdb-mode 0
We recompute with --createdb-mode 1
Time for merging to input_h: 0h 0m 0s 3ms
Time for merging to input: 0h 0m 0s 3ms
[==
Time for merging to input_h: 0h 0m 0s 6ms
Time for merging to input: 0h 0m 0s 5ms
Database type: Aminoacid
Time for processing: 0h 0m 0s 185ms
Create directory results/05-clustered_seqs/cellular_subset_cluster/cluster_tmp/5647702453962847996/clu_tmp
cluster results/05-clustered_seqs/cellular_subset_cluster/cluster_tmp/5647702453962847996/input results/05-clustered_seqs/cellular_subset_cluster/cluster_tmp/5647702453962847996/clu results/05-clustered_seqs/cellular_subset_cluster/cluster_tmp/5647702453962847996/clu_tmp --max-seqs 20 -c 0.9 --cov-mode 1 --spaced-kmer-mode 1 --alignment-mode 3 -e 0.001 --min-seq-id 0.95 --remove-tmp-files 1 

Set cluster sensitivity to -s 1.000000
Set cluster mode GREEDY MEM
Set cluster iterations to 1
linclust results/05-clustered_seqs/cellular_subset_cluster/cluster_tmp/5647702453962847996/input results/05-clustered_seqs/cellular_subset_cluster/cluster_tmp/5647702453962847996/clu_tmp/10622573843310318586/clu_redundancy results/05-clustered_seqs/cellular_subset_cluster/cluster_tmp/5647702453962847996/clu_tmp/10622573843310318586/linclust --cluster-mode 3 --max-iterations 1000 --similarity-type 2 --threads 20 --compressed 0 -v 3 --sub-mat 'aa:blosum62.out,nucl:nucleotide.out' -a 0 --alignment-mode 3 --alignment-output-mode 0 --wrapped-scoring 0 -e 0.001 --min-seq-id 0.95 --min-aln-len 0 --seq-id-mode 0 --alt-ali 0 -c 0.9 --cov-mode 1 --max-seq-len 65535 --comp-bias-corr 0 --comp-bias-corr-scale 1 --max-rejected 2147483647 --max-accept 2147483647 --add-self-matches 0 --db-load-mode 0 --pca substitution:1.100,context:1.400 --pcb substitution:4.100,context:5.800 --score-bias 0 --realign 0 --realign-score-bias -0.2 --realign-max-seqs 2147483647 --corr-score-weight 0 --gap-open aa:11,nucl:5 --gap-extend aa:1,nucl:2 --zdrop 40 --alph-size aa:13,nucl:5 --kmer-per-seq 21 --spaced-kmer-mode 1 --kmer-per-seq-scale aa:0.000,nucl:0.200 --adjust-kmer-len 0 --mask 0 --mask-prob 0.9 --mask-lower-case 0 -k 0 --hash-shift 67 --split-memory-limit 0 --include-only-extendable 0 --ignore-multi-kmer 0 --rescore-mode 0 --filter-hits 0 --sort-results 0 --remove-tmp-files 1 --force-reuse 0 

kmermatcher results/05-clustered_seqs/cellular_subset_cluster/cluster_tmp/5647702453962847996/input results/05-clustered_seqs/cellular_subset_cluster/cluster_tmp/5647702453962847996/clu_tmp/10622573843310318586/linclust/16822984698343606477/pref --sub-mat 'aa:blosum62.out,nucl:nucleotide.out' --alph-size aa:13,nucl:5 --min-seq-id 0.95 --kmer-per-seq 21 --spaced-kmer-mode 1 --kmer-per-seq-scale aa:0.000,nucl:0.200 --adjust-kmer-len 0 --mask 0 --mask-prob 0.9 --mask-lower-case 0 --cov-mode 1 -k 0 -c 0.9 --max-seq-len 65535 --hash-shift 67 --split-memory-limit 0 --include-only-extendable 0 --ignore-multi-kmer 0 --threads 20 --compressed 0 -v 3 

kmermatcher results/05-clustered_seqs/cellular_subset_cluster/cluster_tmp/5647702453962847996/input results/05-clustered_seqs/cellular_subset_cluster/cluster_tmp/5647702453962847996/clu_tmp/10622573843310318586/linclust/16822984698343606477/pref --sub-mat 'aa:blosum62.out,nucl:nucleotide.out' --alph-size aa:13,nucl:5 --min-seq-id 0.95 --kmer-per-seq 21 --spaced-kmer-mode 1 --kmer-per-seq-scale aa:0.000,nucl:0.200 --adjust-kmer-len 0 --mask 0 --mask-prob 0.9 --mask-lower-case 0 --cov-mode 1 -k 0 -c 0.9 --max-seq-len 65535 --hash-shift 67 --split-memory-limit 0 --include-only-extendable 0 --ignore-multi-kmer 0 --threads 20 --compressed 0 -v 3 

Database size: 23178 type: Aminoacid
Reduced amino acid alphabet: (A S T) (C) (D B N) (E Q Z) (F Y) (G) (H) (I V) (K R) (L J M) (P) (W) (X) 

Generate k-mers list for 1 split
[=================================================================] 23.18K 0s 30ms
Sort kmer 0h 0m 0s 33ms
Sort by rep. sequence 0h 0m 0s 21ms
Time for fill: 0h 0m 0s 2ms
Time for merging to pref: 0h 0m 0s 4ms
Time for processing: 0h 0m 0s 173ms
rescorediagonal results/05-clustered_seqs/cellular_subset_cluster/cluster_tmp/5647702453962847996/input results/05-clustered_seqs/cellular_subset_cluster/cluster_tmp/5647702453962847996/input results/05-clustered_seqs/cellular_subset_cluster/cluster_tmp/5647702453962847996/clu_tmp/10622573843310318586/linclust/16822984698343606477/pref results/05-clustered_seqs/cellular_subset_cluster/cluster_tmp/5647702453962847996/clu_tmp/10622573843310318586/linclust/16822984698343606477/pref_rescore1 --sub-mat 'aa:blosum62.out,nucl:nucleotide.out' --rescore-mode 0 --wrapped-scoring 0 --filter-hits 0 -e 0.001 -c 0.9 -a 0 --cov-mode 1 --min-seq-id 0.95 --min-aln-len 0 --seq-id-mode 0 --add-self-matches 0 --sort-results 0 --db-load-mode 0 --threads 20 --compressed 0 -v 3 

[=================================================================] 23.18K 0s 12ms
Time for merging to pref_rescore1: 0h 0m 0s 82ms
Time for processing: 0h 0m 0s 209ms
clust results/05-clustered_seqs/cellular_subset_cluster/cluster_tmp/5647702453962847996/input results/05-clustered_seqs/cellular_subset_cluster/cluster_tmp/5647702453962847996/clu_tmp/10622573843310318586/linclust/16822984698343606477/pref_rescore1 results/05-clustered_seqs/cellular_subset_cluster/cluster_tmp/5647702453962847996/clu_tmp/10622573843310318586/linclust/16822984698343606477/pre_clust --cluster-mode 3 --max-iterations 1000 --similarity-type 2 --threads 20 --compressed 0 -v 3 

Clustering mode: Greedy Low Mem
Total time: 0h 0m 0s 42ms

Size of the sequence database: 23178
Size of the alignment database: 23178
Number of clusters: 22891

Writing results 0h 0m 0s 6ms
Time for merging to pre_clust: 0h 0m 0s 4ms
Time for processing: 0h 0m 0s 108ms
createsubdb results/05-clustered_seqs/cellular_subset_cluster/cluster_tmp/5647702453962847996/clu_tmp/10622573843310318586/linclust/16822984698343606477/order_redundancy results/05-clustered_seqs/cellular_subset_cluster/cluster_tmp/5647702453962847996/input results/05-clustered_seqs/cellular_subset_cluster/cluster_tmp/5647702453962847996/clu_tmp/10622573843310318586/linclust/16822984698343606477/input_step_redundancy -v 3 --subdb-mode 1 

Time for merging to input_step_redundancy: 0h 0m 0s 5ms
Time for processing: 0h 0m 0s 35ms
createsubdb results/05-clustered_seqs/cellular_subset_cluster/cluster_tmp/5647702453962847996/clu_tmp/10622573843310318586/linclust/16822984698343606477/order_redundancy results/05-clustered_seqs/cellular_subset_cluster/cluster_tmp/5647702453962847996/clu_tmp/10622573843310318586/linclust/16822984698343606477/pref results/05-clustered_seqs/cellular_subset_cluster/cluster_tmp/5647702453962847996/clu_tmp/10622573843310318586/linclust/16822984698343606477/pref_filter1 -v 3 --subdb-mode 1 

Time for merging to pref_filter1: 0h 0m 0s 4ms
Time for processing: 0h 0m 0s 24ms
filterdb results/05-clustered_seqs/cellular_subset_cluster/cluster_tmp/5647702453962847996/clu_tmp/10622573843310318586/linclust/16822984698343606477/pref_filter1 results/05-clustered_seqs/cellular_subset_cluster/cluster_tmp/5647702453962847996/clu_tmp/10622573843310318586/linclust/16822984698343606477/pref_filter2 --filter-file results/05-clustered_seqs/cellular_subset_cluster/cluster_tmp/5647702453962847996/clu_tmp/10622573843310318586/linclust/16822984698343606477/order_redundancy --threads 20 --compressed 0 -v 3 

Filtering using file(s)
[=================================================================] 22.89K 0s 14ms
Time for merging to pref_filter2: 0h 0m 0s 76ms
Time for processing: 0h 0m 0s 235ms
rescorediagonal results/05-clustered_seqs/cellular_subset_cluster/cluster_tmp/5647702453962847996/clu_tmp/10622573843310318586/linclust/16822984698343606477/input_step_redundancy results/05-clustered_seqs/cellular_subset_cluster/cluster_tmp/5647702453962847996/clu_tmp/10622573843310318586/linclust/16822984698343606477/input_step_redundancy results/05-clustered_seqs/cellular_subset_cluster/cluster_tmp/5647702453962847996/clu_tmp/10622573843310318586/linclust/16822984698343606477/pref_filter2 results/05-clustered_seqs/cellular_subset_cluster/cluster_tmp/5647702453962847996/clu_tmp/10622573843310318586/linclust/16822984698343606477/pref_rescore2 --sub-mat 'aa:blosum62.out,nucl:nucleotide.out' --rescore-mode 1 --wrapped-scoring 0 --filter-hits 1 -e 0.001 -c 0.9 -a 0 --cov-mode 1 --min-seq-id 0.95 --min-aln-len 0 --seq-id-mode 0 --add-self-matches 0 --sort-results 0 --db-load-mode 0 --threads 20 --compressed 0 -v 3 

[=================================================================] 22.89K 0s 18ms
Time for merging to pref_rescore2: 0h 0m 0s 84ms
Time for processing: 0h 0m 0s 234ms
align results/05-clustered_seqs/cellular_subset_cluster/cluster_tmp/5647702453962847996/clu_tmp/10622573843310318586/linclust/16822984698343606477/input_step_redundancy results/05-clustered_seqs/cellular_subset_cluster/cluster_tmp/5647702453962847996/clu_tmp/10622573843310318586/linclust/16822984698343606477/input_step_redundancy results/05-clustered_seqs/cellular_subset_cluster/cluster_tmp/5647702453962847996/clu_tmp/10622573843310318586/linclust/16822984698343606477/pref_rescore2 results/05-clustered_seqs/cellular_subset_cluster/cluster_tmp/5647702453962847996/clu_tmp/10622573843310318586/linclust/16822984698343606477/aln --sub-mat 'aa:blosum62.out,nucl:nucleotide.out' -a 0 --alignment-mode 3 --alignment-output-mode 0 --wrapped-scoring 0 -e 0.001 --min-seq-id 0.95 --min-aln-len 0 --seq-id-mode 0 --alt-ali 0 -c 0.9 --cov-mode 1 --max-seq-len 65535 --comp-bias-corr 0 --comp-bias-corr-scale 1 --max-rejected 2147483647 --max-accept 2147483647 --add-self-matches 0 --db-load-mode 0 --pca substitution:1.100,context:1.400 --pcb substitution:4.100,context:5.800 --score-bias 0 --realign 0 --realign-score-bias -0.2 --realign-max-seqs 2147483647 --corr-score-weight 0 --gap-open aa:11,nucl:5 --gap-extend aa:1,nucl:2 --zdrop 40 --threads 20 --compressed 0 -v 3 

Compute score, coverage and sequence identity
Query database size: 22891 type: Aminoacid
Target database size: 22891 type: Aminoacid
Calculation of alignments
[=================================================================] 22.89K 0s 60ms
Time for merging to aln: 0h 0m 0s 85ms
24002 alignments calculated
22939 sequence pairs passed the thresholds (0.955712 of overall calculated)
1.002097 hits per query sequence
Time for processing: 0h 0m 0s 304ms
clust results/05-clustered_seqs/cellular_subset_cluster/cluster_tmp/5647702453962847996/clu_tmp/10622573843310318586/linclust/16822984698343606477/input_step_redundancy results/05-clustered_seqs/cellular_subset_cluster/cluster_tmp/5647702453962847996/clu_tmp/10622573843310318586/linclust/16822984698343606477/aln results/05-clustered_seqs/cellular_subset_cluster/cluster_tmp/5647702453962847996/clu_tmp/10622573843310318586/linclust/16822984698343606477/clust --cluster-mode 3 --max-iterations 1000 --similarity-type 2 --threads 20 --compressed 0 -v 3 

Clustering mode: Greedy Low Mem
Total time: 0h 0m 0s 49ms

Size of the sequence database: 22891
Size of the alignment database: 22891
Number of clusters: 22847

Writing results 0h 0m 0s 6ms
Time for merging to clust: 0h 0m 0s 4ms
Time for processing: 0h 0m 0s 111ms
mergeclusters results/05-clustered_seqs/cellular_subset_cluster/cluster_tmp/5647702453962847996/input results/05-clustered_seqs/cellular_subset_cluster/cluster_tmp/5647702453962847996/clu_tmp/10622573843310318586/clu_redundancy results/05-clustered_seqs/cellular_subset_cluster/cluster_tmp/5647702453962847996/clu_tmp/10622573843310318586/linclust/16822984698343606477/pre_clust results/05-clustered_seqs/cellular_subset_cluster/cluster_tmp/5647702453962847996/clu_tmp/10622573843310318586/linclust/16822984698343606477/clust --threads 20 --compressed 0 -v 3 

Clustering step 1
[=================================================================] 22.89K 0s 10ms
Clustering step 2
[=================================================================] 22.85K 0s 28ms
Write merged clustering
[=================================================================] 23.18K 0s 80ms
Time for merging to clu_redundancy: 0h 0m 0s 68ms
Time for processing: 0h 0m 0s 182ms
rmdb results/05-clustered_seqs/cellular_subset_cluster/cluster_tmp/5647702453962847996/clu_tmp/10622573843310318586/linclust/16822984698343606477/pref_filter1 -v 3 

Time for processing: 0h 0m 0s 7ms
rmdb results/05-clustered_seqs/cellular_subset_cluster/cluster_tmp/5647702453962847996/clu_tmp/10622573843310318586/linclust/16822984698343606477/pref -v 3 

Time for processing: 0h 0m 0s 13ms
rmdb results/05-clustered_seqs/cellular_subset_cluster/cluster_tmp/5647702453962847996/clu_tmp/10622573843310318586/linclust/16822984698343606477/pref_rescore1 -v 3 

Time for processing: 0h 0m 0s 41ms
rmdb results/05-clustered_seqs/cellular_subset_cluster/cluster_tmp/5647702453962847996/clu_tmp/10622573843310318586/linclust/16822984698343606477/pre_clust -v 3 

Time for processing: 0h 0m 0s 7ms
rmdb results/05-clustered_seqs/cellular_subset_cluster/cluster_tmp/5647702453962847996/clu_tmp/10622573843310318586/linclust/16822984698343606477/input_step_redundancy -v 3 

Time for processing: 0h 0m 0s 12ms
rmdb results/05-clustered_seqs/cellular_subset_cluster/cluster_tmp/5647702453962847996/clu_tmp/10622573843310318586/linclust/16822984698343606477/input_step_redundancy_h -v 3 

Time for processing: 0h 0m 0s 3ms
rmdb results/05-clustered_seqs/cellular_subset_cluster/cluster_tmp/5647702453962847996/clu_tmp/10622573843310318586/linclust/16822984698343606477/pref_filter2 -v 3 

Time for processing: 0h 0m 0s 39ms
rmdb results/05-clustered_seqs/cellular_subset_cluster/cluster_tmp/5647702453962847996/clu_tmp/10622573843310318586/linclust/16822984698343606477/pref_rescore2 -v 3 

Time for processing: 0h 0m 0s 47ms
rmdb results/05-clustered_seqs/cellular_subset_cluster/cluster_tmp/5647702453962847996/clu_tmp/10622573843310318586/linclust/16822984698343606477/aln -v 3 

Time for processing: 0h 0m 0s 44ms
rmdb results/05-clustered_seqs/cellular_subset_cluster/cluster_tmp/5647702453962847996/clu_tmp/10622573843310318586/linclust/16822984698343606477/clust -v 3 

Time for processing: 0h 0m 0s 8ms
createsubdb results/05-clustered_seqs/cellular_subset_cluster/cluster_tmp/5647702453962847996/clu_tmp/10622573843310318586/clu_redundancy results/05-clustered_seqs/cellular_subset_cluster/cluster_tmp/5647702453962847996/input results/05-clustered_seqs/cellular_subset_cluster/cluster_tmp/5647702453962847996/clu_tmp/10622573843310318586/input_step_redundancy -v 3 --subdb-mode 1 

Time for merging to input_step_redundancy: 0h 0m 0s 5ms
Time for processing: 0h 0m 0s 37ms
prefilter results/05-clustered_seqs/cellular_subset_cluster/cluster_tmp/5647702453962847996/clu_tmp/10622573843310318586/input_step_redundancy results/05-clustered_seqs/cellular_subset_cluster/cluster_tmp/5647702453962847996/clu_tmp/10622573843310318586/input_step_redundancy results/05-clustered_seqs/cellular_subset_cluster/cluster_tmp/5647702453962847996/clu_tmp/10622573843310318586/pref_step0 --sub-mat 'aa:blosum62.out,nucl:nucleotide.out' --seed-sub-mat 'aa:VTML80.out,nucl:nucleotide.out' -s 1 -k 0 --k-score seq:2147483647,prof:2147483647 --alph-size aa:21,nucl:5 --max-seq-len 65535 --max-seqs 20 --split 0 --split-mode 2 --split-memory-limit 0 -c 0.9 --cov-mode 1 --comp-bias-corr 0 --comp-bias-corr-scale 1 --diag-score 0 --exact-kmer-matching 0 --mask 1 --mask-prob 0.9 --mask-lower-case 0 --min-ungapped-score 0 --add-self-matches 0 --spaced-kmer-mode 1 --db-load-mode 0 --pca substitution:1.100,context:1.400 --pcb substitution:4.100,context:5.800 --threads 20 --compressed 0 -v 3 

Query database size: 22847 type: Aminoacid
Estimated memory consumption: 1015M
Target database size: 22847 type: Aminoacid
Index table k-mer threshold: 154 at k-mer size 6 
Index table: counting k-mers
[=================================================================] 22.85K 0s 74ms
Index table: Masked residues: 9114
Index table: fill
[=================================================================] 22.85K 0s 29ms
Index statistics
Entries:          976902
DB size:          493 MB
Avg k-mer size:   0.015264
Top 10 k-mers
    AYTGIP	20
    GGKSGR	16
    MAFFDG	12
    QATAGC	11
    CATNFE	11
    ITQIDG	11
    GHGIGG	11
    SNNEQG	11
    GPGGTL	11
    LDPADP	11
Time for index table init: 0h 0m 0s 649ms
Process prefiltering step 1 of 1

k-mer similarity threshold: 154
Starting prefiltering scores calculation (step 1 of 1)
Query db start 1 to 22847
Target db start 1 to 22847
[=================================================================] 22.85K 0s 74ms

1.383406 k-mers per position
55 DB matches per sequence
0 overflows
0 queries produce too many hits (truncated result)
2 sequences passed prefiltering per query sequence
1 median result list length
0 sequences with 0 size result lists
Time for merging to pref_step0: 0h 0m 0s 74ms
Time for processing: 0h 0m 1s 206ms
align results/05-clustered_seqs/cellular_subset_cluster/cluster_tmp/5647702453962847996/clu_tmp/10622573843310318586/input_step_redundancy results/05-clustered_seqs/cellular_subset_cluster/cluster_tmp/5647702453962847996/clu_tmp/10622573843310318586/input_step_redundancy results/05-clustered_seqs/cellular_subset_cluster/cluster_tmp/5647702453962847996/clu_tmp/10622573843310318586/pref_step0 results/05-clustered_seqs/cellular_subset_cluster/cluster_tmp/5647702453962847996/clu_tmp/10622573843310318586/aln_step0 --sub-mat 'aa:blosum62.out,nucl:nucleotide.out' -a 0 --alignment-mode 3 --alignment-output-mode 0 --wrapped-scoring 0 -e 0.001 --min-seq-id 0.95 --min-aln-len 0 --seq-id-mode 0 --alt-ali 0 -c 0.9 --cov-mode 1 --max-seq-len 65535 --comp-bias-corr 0 --comp-bias-corr-scale 1 --max-rejected 2147483647 --max-accept 2147483647 --add-self-matches 0 --db-load-mode 0 --pca substitution:1.100,context:1.400 --pcb substitution:4.100,context:5.800 --score-bias 0 --realign 0 --realign-score-bias -0.2 --realign-max-seqs 2147483647 --corr-score-weight 0 --gap-open aa:11,nucl:5 --gap-extend aa:1,nucl:2 --zdrop 40 --threads 20 --compressed 0 -v 3 

Compute score, coverage and sequence identity
Query database size: 22847 type: Aminoacid
Target database size: 22847 type: Aminoacid
Calculation of alignments
[=================================================================] 22.85K 0s 115ms
Time for merging to aln_step0: 0h 0m 0s 73ms
39221 alignments calculated
22857 sequence pairs passed the thresholds (0.582775 of overall calculated)
1.000438 hits per query sequence
Time for processing: 0h 0m 0s 299ms
clust results/05-clustered_seqs/cellular_subset_cluster/cluster_tmp/5647702453962847996/clu_tmp/10622573843310318586/input_step_redundancy results/05-clustered_seqs/cellular_subset_cluster/cluster_tmp/5647702453962847996/clu_tmp/10622573843310318586/aln_step0 results/05-clustered_seqs/cellular_subset_cluster/cluster_tmp/5647702453962847996/clu_tmp/10622573843310318586/clu_step0 --cluster-mode 3 --max-iterations 1000 --similarity-type 2 --threads 20 --compressed 0 -v 3 

Clustering mode: Greedy Low Mem
Total time: 0h 0m 0s 42ms

Size of the sequence database: 22847
Size of the alignment database: 22847
Number of clusters: 22838

Writing results 0h 0m 0s 5ms
Time for merging to clu_step0: 0h 0m 0s 4ms
Time for processing: 0h 0m 0s 99ms
mergeclusters results/05-clustered_seqs/cellular_subset_cluster/cluster_tmp/5647702453962847996/input results/05-clustered_seqs/cellular_subset_cluster/cluster_tmp/5647702453962847996/clu results/05-clustered_seqs/cellular_subset_cluster/cluster_tmp/5647702453962847996/clu_tmp/10622573843310318586/clu_redundancy results/05-clustered_seqs/cellular_subset_cluster/cluster_tmp/5647702453962847996/clu_tmp/10622573843310318586/clu_step0 --threads 20 --compressed 0 -v 3 

Clustering step 1
[=================================================================] 22.85K 0s 4ms
Clustering step 2
[=================================================================] 22.84K 0s 21ms
Write merged clustering
[=================================================================] 23.18K 0s 70ms
Time for merging to clu: 0h 0m 0s 79ms
Time for processing: 0h 0m 0s 209ms
rmdb results/05-clustered_seqs/cellular_subset_cluster/cluster_tmp/5647702453962847996/clu_tmp/10622573843310318586/clu_redundancy -v 3 

Time for processing: 0h 0m 0s 37ms
rmdb results/05-clustered_seqs/cellular_subset_cluster/cluster_tmp/5647702453962847996/clu_tmp/10622573843310318586/input_step_redundancy -v 3 

Time for processing: 0h 0m 0s 7ms
rmdb results/05-clustered_seqs/cellular_subset_cluster/cluster_tmp/5647702453962847996/clu_tmp/10622573843310318586/input_step_redundancy_h -v 3 

Time for processing: 0h 0m 0s 3ms
rmdb results/05-clustered_seqs/cellular_subset_cluster/cluster_tmp/5647702453962847996/clu_tmp/10622573843310318586/pref_step0 -v 3 

Time for processing: 0h 0m 0s 41ms
rmdb results/05-clustered_seqs/cellular_subset_cluster/cluster_tmp/5647702453962847996/clu_tmp/10622573843310318586/aln_step0 -v 3 

Time for processing: 0h 0m 0s 42ms
rmdb results/05-clustered_seqs/cellular_subset_cluster/cluster_tmp/5647702453962847996/clu_tmp/10622573843310318586/clu_step0 -v 3 

Time for processing: 0h 0m 0s 7ms
createtsv results/05-clustered_seqs/cellular_subset_cluster/cluster_tmp/5647702453962847996/input results/05-clustered_seqs/cellular_subset_cluster/cluster_tmp/5647702453962847996/input results/05-clustered_seqs/cellular_subset_cluster/cluster_tmp/5647702453962847996/clu results/05-clustered_seqs/cellular_subset_cluster/cluster_tmp/5647702453962847996/cluster.tsv --threads 20 -v 3 

Time for merging to cluster.tsv: 0h 0m 0s 144ms
Time for processing: 0h 0m 0s 284ms
result2repseq results/05-clustered_seqs/cellular_subset_cluster/cluster_tmp/5647702453962847996/input results/05-clustered_seqs/cellular_subset_cluster/cluster_tmp/5647702453962847996/clu results/05-clustered_seqs/cellular_subset_cluster/cluster_tmp/5647702453962847996/clu_rep --db-load-mode 0 --compressed 0 --threads 20 -v 3 

[=================================================================] 22.84K 0s 12ms
Time for merging to clu_rep: 0h 0m 0s 139ms
Time for processing: 0h 0m 0s 289ms
result2flat results/05-clustered_seqs/cellular_subset_cluster/cluster_tmp/5647702453962847996/input results/05-clustered_seqs/cellular_subset_cluster/cluster_tmp/5647702453962847996/input results/05-clustered_seqs/cellular_subset_cluster/cluster_tmp/5647702453962847996/clu_rep results/05-clustered_seqs/cellular_subset_cluster/cluster_tmp/5647702453962847996/rep_seq.fasta --use-fasta-header -v 3 

Time for processing: 0h 0m 0s 122ms
createseqfiledb results/05-clustered_seqs/cellular_subset_cluster/cluster_tmp/5647702453962847996/input results/05-clustered_seqs/cellular_subset_cluster/cluster_tmp/5647702453962847996/clu results/05-clustered_seqs/cellular_subset_cluster/cluster_tmp/5647702453962847996/clu_seqs --threads 20 -v 3 

[=================================================================] 22.84K 0s 16ms
Time for merging to clu_seqs: 0h 0m 0s 83ms
Time for processing: 0h 0m 0s 251ms
result2flat results/05-clustered_seqs/cellular_subset_cluster/cluster_tmp/5647702453962847996/input results/05-clustered_seqs/cellular_subset_cluster/cluster_tmp/5647702453962847996/input results/05-clustered_seqs/cellular_subset_cluster/cluster_tmp/5647702453962847996/clu_seqs results/05-clustered_seqs/cellular_subset_cluster/cluster_tmp/5647702453962847996/all_seqs.fasta -v 3 

Time for processing: 0h 0m 0s 173ms
rmdb results/05-clustered_seqs/cellular_subset_cluster/cluster_tmp/5647702453962847996/input -v 3 

Time for processing: 0h 0m 0s 16ms
rmdb results/05-clustered_seqs/cellular_subset_cluster/cluster_tmp/5647702453962847996/input_h -v 3 

Time for processing: 0h 0m 0s 24ms
rmdb results/05-clustered_seqs/cellular_subset_cluster/cluster_tmp/5647702453962847996/clu_seqs -v 3 

Time for processing: 0h 0m 0s 79ms
rmdb results/05-clustered_seqs/cellular_subset_cluster/cluster_tmp/5647702453962847996/clu_rep -v 3 

Time for processing: 0h 0m 0s 32ms
rmdb results/05-clustered_seqs/cellular_subset_cluster/cluster_tmp/5647702453962847996/clu -v 3 

Time for processing: 0h 0m 0s 48ms
 
time(sec):
6
