Create directory results/05-clustered_seqs/vesicle_subset_cluster/cluster_tmp
easy-cluster results/04-protein_seqs/vesicle_subset_prot_seqs/protein_translations.faa results/05-clustered_seqs/vesicle_subset results/05-clustered_seqs/vesicle_subset_cluster/cluster_tmp --min-seq-id 0.95 -c 0.9 --cov-mode 1 

MMseqs Version:                     	14.7e284
Substitution matrix                 	aa:blosum62.out,nucl:nucleotide.out
Seed substitution matrix            	aa:VTML80.out,nucl:nucleotide.out
Sensitivity                         	4
k-mer length                        	0
k-score                             	seq:2147483647,prof:2147483647
Alphabet size                       	aa:21,nucl:5
Max sequence length                 	65535
Max results per query               	20
Split database                      	0
Split mode                          	2
Split memory limit                  	0
Coverage threshold                  	0.9
Coverage mode                       	1
Compositional bias                  	1
Compositional bias                  	1
Diagonal scoring                    	true
Exact k-mer matching                	0
Mask residues                       	1
Mask residues probability           	0.9
Mask lower case residues            	0
Minimum diagonal score              	15
Selected taxa                       	
Include identical seq. id.          	false
Spaced k-mers                       	1
Preload mode                        	0
Pseudo count a                      	substitution:1.100,context:1.400
Pseudo count b                      	substitution:4.100,context:5.800
Spaced k-mer pattern                	
Local temporary path                	
Threads                             	20
Compressed                          	0
Verbosity                           	3
Add backtrace                       	false
Alignment mode                      	3
Alignment mode                      	0
Allow wrapped scoring               	false
E-value threshold                   	0.001
Seq. id. threshold                  	0.95
Min alignment length                	0
Seq. id. mode                       	0
Alternative alignments              	0
Max reject                          	2147483647
Max accept                          	2147483647
Score bias                          	0
Realign hits                        	false
Realign score bias                  	-0.2
Realign max seqs                    	2147483647
Correlation score weight            	0
Gap open cost                       	aa:11,nucl:5
Gap extension cost                  	aa:1,nucl:2
Zdrop                               	40
Rescore mode                        	0
Remove hits by seq. id. and coverage	false
Sort results                        	0
Cluster mode                        	0
Max connected component depth       	1000
Similarity type                     	2
Single step clustering              	false
Cascaded clustering steps           	3
Cluster reassign                    	false
Remove temporary files              	true
Force restart with latest tmp       	false
MPI runner                          	
k-mers per sequence                 	21
Scale k-mers per sequence           	aa:0.000,nucl:0.200
Adjust k-mer length                 	false
Shift hash                          	67
Include only extendable             	false
Skip repeating k-mers               	false
Database type                       	0
Shuffle input database              	true
Createdb mode                       	1
Write lookup file                   	0
Offset of numeric ids               	0

createdb results/04-protein_seqs/vesicle_subset_prot_seqs/protein_translations.faa results/05-clustered_seqs/vesicle_subset_cluster/cluster_tmp/251624631153159129/input --dbtype 0 --shuffle 1 --createdb-mode 1 --write-lookup 0 --id-offset 0 --compressed 0 -v 3 

Shuffle database cannot be combined with --createdb-mode 0
We recompute with --shuffle 0
Converting sequences
[Multiline fasta can not be combined with --createdb-mode 0
We recompute with --createdb-mode 1
Time for merging to input_h: 0h 0m 0s 3ms
Time for merging to input: 0h 0m 0s 4ms
[====
Time for merging to input_h: 0h 0m 0s 4ms
Time for merging to input: 0h 0m 0s 4ms
Database type: Aminoacid
Time for processing: 0h 0m 0s 188ms
Create directory results/05-clustered_seqs/vesicle_subset_cluster/cluster_tmp/251624631153159129/clu_tmp
cluster results/05-clustered_seqs/vesicle_subset_cluster/cluster_tmp/251624631153159129/input results/05-clustered_seqs/vesicle_subset_cluster/cluster_tmp/251624631153159129/clu results/05-clustered_seqs/vesicle_subset_cluster/cluster_tmp/251624631153159129/clu_tmp --max-seqs 20 -c 0.9 --cov-mode 1 --spaced-kmer-mode 1 --alignment-mode 3 -e 0.001 --min-seq-id 0.95 --remove-tmp-files 1 

Set cluster sensitivity to -s 1.000000
Set cluster mode GREEDY MEM
Set cluster iterations to 1
linclust results/05-clustered_seqs/vesicle_subset_cluster/cluster_tmp/251624631153159129/input results/05-clustered_seqs/vesicle_subset_cluster/cluster_tmp/251624631153159129/clu_tmp/3342489755518117060/clu_redundancy results/05-clustered_seqs/vesicle_subset_cluster/cluster_tmp/251624631153159129/clu_tmp/3342489755518117060/linclust --cluster-mode 3 --max-iterations 1000 --similarity-type 2 --threads 20 --compressed 0 -v 3 --sub-mat 'aa:blosum62.out,nucl:nucleotide.out' -a 0 --alignment-mode 3 --alignment-output-mode 0 --wrapped-scoring 0 -e 0.001 --min-seq-id 0.95 --min-aln-len 0 --seq-id-mode 0 --alt-ali 0 -c 0.9 --cov-mode 1 --max-seq-len 65535 --comp-bias-corr 0 --comp-bias-corr-scale 1 --max-rejected 2147483647 --max-accept 2147483647 --add-self-matches 0 --db-load-mode 0 --pca substitution:1.100,context:1.400 --pcb substitution:4.100,context:5.800 --score-bias 0 --realign 0 --realign-score-bias -0.2 --realign-max-seqs 2147483647 --corr-score-weight 0 --gap-open aa:11,nucl:5 --gap-extend aa:1,nucl:2 --zdrop 40 --alph-size aa:13,nucl:5 --kmer-per-seq 21 --spaced-kmer-mode 1 --kmer-per-seq-scale aa:0.000,nucl:0.200 --adjust-kmer-len 0 --mask 0 --mask-prob 0.9 --mask-lower-case 0 -k 0 --hash-shift 67 --split-memory-limit 0 --include-only-extendable 0 --ignore-multi-kmer 0 --rescore-mode 0 --filter-hits 0 --sort-results 0 --remove-tmp-files 1 --force-reuse 0 

kmermatcher results/05-clustered_seqs/vesicle_subset_cluster/cluster_tmp/251624631153159129/input results/05-clustered_seqs/vesicle_subset_cluster/cluster_tmp/251624631153159129/clu_tmp/3342489755518117060/linclust/1443721182477424345/pref --sub-mat 'aa:blosum62.out,nucl:nucleotide.out' --alph-size aa:13,nucl:5 --min-seq-id 0.95 --kmer-per-seq 21 --spaced-kmer-mode 1 --kmer-per-seq-scale aa:0.000,nucl:0.200 --adjust-kmer-len 0 --mask 0 --mask-prob 0.9 --mask-lower-case 0 --cov-mode 1 -k 0 -c 0.9 --max-seq-len 65535 --hash-shift 67 --split-memory-limit 0 --include-only-extendable 0 --ignore-multi-kmer 0 --threads 20 --compressed 0 -v 3 

kmermatcher results/05-clustered_seqs/vesicle_subset_cluster/cluster_tmp/251624631153159129/input results/05-clustered_seqs/vesicle_subset_cluster/cluster_tmp/251624631153159129/clu_tmp/3342489755518117060/linclust/1443721182477424345/pref --sub-mat 'aa:blosum62.out,nucl:nucleotide.out' --alph-size aa:13,nucl:5 --min-seq-id 0.95 --kmer-per-seq 21 --spaced-kmer-mode 1 --kmer-per-seq-scale aa:0.000,nucl:0.200 --adjust-kmer-len 0 --mask 0 --mask-prob 0.9 --mask-lower-case 0 --cov-mode 1 -k 0 -c 0.9 --max-seq-len 65535 --hash-shift 67 --split-memory-limit 0 --include-only-extendable 0 --ignore-multi-kmer 0 --threads 20 --compressed 0 -v 3 

Database size: 46869 type: Aminoacid
Reduced amino acid alphabet: (A S T) (C) (D B N) (E Q Z) (F Y) (G) (H) (I V) (K R) (L J M) (P) (W) (X) 

Generate k-mers list for 1 split
[=================================================================] 46.87K 0s 62ms
Sort kmer 0h 0m 0s 41ms
Sort by rep. sequence 0h 0m 0s 26ms
Time for fill: 0h 0m 0s 4ms
Time for merging to pref: 0h 0m 0s 4ms
Time for processing: 0h 0m 0s 215ms
rescorediagonal results/05-clustered_seqs/vesicle_subset_cluster/cluster_tmp/251624631153159129/input results/05-clustered_seqs/vesicle_subset_cluster/cluster_tmp/251624631153159129/input results/05-clustered_seqs/vesicle_subset_cluster/cluster_tmp/251624631153159129/clu_tmp/3342489755518117060/linclust/1443721182477424345/pref results/05-clustered_seqs/vesicle_subset_cluster/cluster_tmp/251624631153159129/clu_tmp/3342489755518117060/linclust/1443721182477424345/pref_rescore1 --sub-mat 'aa:blosum62.out,nucl:nucleotide.out' --rescore-mode 0 --wrapped-scoring 0 --filter-hits 0 -e 0.001 -c 0.9 -a 0 --cov-mode 1 --min-seq-id 0.95 --min-aln-len 0 --seq-id-mode 0 --add-self-matches 0 --sort-results 0 --db-load-mode 0 --threads 20 --compressed 0 -v 3 

[=================================================================] 46.87K 0s 18ms
Time for merging to pref_rescore1: 0h 0m 0s 107ms
Time for processing: 0h 0m 0s 296ms
clust results/05-clustered_seqs/vesicle_subset_cluster/cluster_tmp/251624631153159129/input results/05-clustered_seqs/vesicle_subset_cluster/cluster_tmp/251624631153159129/clu_tmp/3342489755518117060/linclust/1443721182477424345/pref_rescore1 results/05-clustered_seqs/vesicle_subset_cluster/cluster_tmp/251624631153159129/clu_tmp/3342489755518117060/linclust/1443721182477424345/pre_clust --cluster-mode 3 --max-iterations 1000 --similarity-type 2 --threads 20 --compressed 0 -v 3 

Clustering mode: Greedy Low Mem
Total time: 0h 0m 0s 39ms

Size of the sequence database: 46869
Size of the alignment database: 46869
Number of clusters: 46132

Writing results 0h 0m 0s 13ms
Time for merging to pre_clust: 0h 0m 0s 4ms
Time for processing: 0h 0m 0s 112ms
createsubdb results/05-clustered_seqs/vesicle_subset_cluster/cluster_tmp/251624631153159129/clu_tmp/3342489755518117060/linclust/1443721182477424345/order_redundancy results/05-clustered_seqs/vesicle_subset_cluster/cluster_tmp/251624631153159129/input results/05-clustered_seqs/vesicle_subset_cluster/cluster_tmp/251624631153159129/clu_tmp/3342489755518117060/linclust/1443721182477424345/input_step_redundancy -v 3 --subdb-mode 1 

Time for merging to input_step_redundancy: 0h 0m 0s 5ms
Time for processing: 0h 0m 0s 44ms
createsubdb results/05-clustered_seqs/vesicle_subset_cluster/cluster_tmp/251624631153159129/clu_tmp/3342489755518117060/linclust/1443721182477424345/order_redundancy results/05-clustered_seqs/vesicle_subset_cluster/cluster_tmp/251624631153159129/clu_tmp/3342489755518117060/linclust/1443721182477424345/pref results/05-clustered_seqs/vesicle_subset_cluster/cluster_tmp/251624631153159129/clu_tmp/3342489755518117060/linclust/1443721182477424345/pref_filter1 -v 3 --subdb-mode 1 

Time for merging to pref_filter1: 0h 0m 0s 5ms
Time for processing: 0h 0m 0s 65ms
filterdb results/05-clustered_seqs/vesicle_subset_cluster/cluster_tmp/251624631153159129/clu_tmp/3342489755518117060/linclust/1443721182477424345/pref_filter1 results/05-clustered_seqs/vesicle_subset_cluster/cluster_tmp/251624631153159129/clu_tmp/3342489755518117060/linclust/1443721182477424345/pref_filter2 --filter-file results/05-clustered_seqs/vesicle_subset_cluster/cluster_tmp/251624631153159129/clu_tmp/3342489755518117060/linclust/1443721182477424345/order_redundancy --threads 20 --compressed 0 -v 3 

Filtering using file(s)
[=================================================================] 46.13K 0s 16ms
Time for merging to pref_filter2: 0h 0m 0s 115ms
Time for processing: 0h 0m 0s 273ms
rescorediagonal results/05-clustered_seqs/vesicle_subset_cluster/cluster_tmp/251624631153159129/clu_tmp/3342489755518117060/linclust/1443721182477424345/input_step_redundancy results/05-clustered_seqs/vesicle_subset_cluster/cluster_tmp/251624631153159129/clu_tmp/3342489755518117060/linclust/1443721182477424345/input_step_redundancy results/05-clustered_seqs/vesicle_subset_cluster/cluster_tmp/251624631153159129/clu_tmp/3342489755518117060/linclust/1443721182477424345/pref_filter2 results/05-clustered_seqs/vesicle_subset_cluster/cluster_tmp/251624631153159129/clu_tmp/3342489755518117060/linclust/1443721182477424345/pref_rescore2 --sub-mat 'aa:blosum62.out,nucl:nucleotide.out' --rescore-mode 1 --wrapped-scoring 0 --filter-hits 1 -e 0.001 -c 0.9 -a 0 --cov-mode 1 --min-seq-id 0.95 --min-aln-len 0 --seq-id-mode 0 --add-self-matches 0 --sort-results 0 --db-load-mode 0 --threads 20 --compressed 0 -v 3 

[=================================================================] 46.13K 0s 30ms
Time for merging to pref_rescore2: 0h 0m 0s 110ms
Time for processing: 0h 0m 0s 282ms
align results/05-clustered_seqs/vesicle_subset_cluster/cluster_tmp/251624631153159129/clu_tmp/3342489755518117060/linclust/1443721182477424345/input_step_redundancy results/05-clustered_seqs/vesicle_subset_cluster/cluster_tmp/251624631153159129/clu_tmp/3342489755518117060/linclust/1443721182477424345/input_step_redundancy results/05-clustered_seqs/vesicle_subset_cluster/cluster_tmp/251624631153159129/clu_tmp/3342489755518117060/linclust/1443721182477424345/pref_rescore2 results/05-clustered_seqs/vesicle_subset_cluster/cluster_tmp/251624631153159129/clu_tmp/3342489755518117060/linclust/1443721182477424345/aln --sub-mat 'aa:blosum62.out,nucl:nucleotide.out' -a 0 --alignment-mode 3 --alignment-output-mode 0 --wrapped-scoring 0 -e 0.001 --min-seq-id 0.95 --min-aln-len 0 --seq-id-mode 0 --alt-ali 0 -c 0.9 --cov-mode 1 --max-seq-len 65535 --comp-bias-corr 0 --comp-bias-corr-scale 1 --max-rejected 2147483647 --max-accept 2147483647 --add-self-matches 0 --db-load-mode 0 --pca substitution:1.100,context:1.400 --pcb substitution:4.100,context:5.800 --score-bias 0 --realign 0 --realign-score-bias -0.2 --realign-max-seqs 2147483647 --corr-score-weight 0 --gap-open aa:11,nucl:5 --gap-extend aa:1,nucl:2 --zdrop 40 --threads 20 --compressed 0 -v 3 

Compute score, coverage and sequence identity
Query database size: 46132 type: Aminoacid
Target database size: 46132 type: Aminoacid
Calculation of alignments
[=================================================================] 46.13K 0s 75ms
Time for merging to aln: 0h 0m 0s 96ms
48873 alignments calculated
46240 sequence pairs passed the thresholds (0.946126 of overall calculated)
1.002341 hits per query sequence
Time for processing: 0h 0m 0s 303ms
clust results/05-clustered_seqs/vesicle_subset_cluster/cluster_tmp/251624631153159129/clu_tmp/3342489755518117060/linclust/1443721182477424345/input_step_redundancy results/05-clustered_seqs/vesicle_subset_cluster/cluster_tmp/251624631153159129/clu_tmp/3342489755518117060/linclust/1443721182477424345/aln results/05-clustered_seqs/vesicle_subset_cluster/cluster_tmp/251624631153159129/clu_tmp/3342489755518117060/linclust/1443721182477424345/clust --cluster-mode 3 --max-iterations 1000 --similarity-type 2 --threads 20 --compressed 0 -v 3 

Clustering mode: Greedy Low Mem
Total time: 0h 0m 0s 34ms

Size of the sequence database: 46132
Size of the alignment database: 46132
Number of clusters: 46032

Writing results 0h 0m 0s 10ms
Time for merging to clust: 0h 0m 0s 5ms
Time for processing: 0h 0m 0s 95ms
mergeclusters results/05-clustered_seqs/vesicle_subset_cluster/cluster_tmp/251624631153159129/input results/05-clustered_seqs/vesicle_subset_cluster/cluster_tmp/251624631153159129/clu_tmp/3342489755518117060/clu_redundancy results/05-clustered_seqs/vesicle_subset_cluster/cluster_tmp/251624631153159129/clu_tmp/3342489755518117060/linclust/1443721182477424345/pre_clust results/05-clustered_seqs/vesicle_subset_cluster/cluster_tmp/251624631153159129/clu_tmp/3342489755518117060/linclust/1443721182477424345/clust --threads 20 --compressed 0 -v 3 

Clustering step 1
[=================================================================] 46.13K 0s 9ms
Clustering step 2
[=================================================================] 46.03K 0s 29ms
Write merged clustering
[=================================================================] 46.87K 0s 92ms
Time for merging to clu_redundancy: 0h 0m 0s 111ms
Time for processing: 0h 0m 0s 240ms
rmdb results/05-clustered_seqs/vesicle_subset_cluster/cluster_tmp/251624631153159129/clu_tmp/3342489755518117060/linclust/1443721182477424345/pref_filter1 -v 3 

Time for processing: 0h 0m 0s 23ms
rmdb results/05-clustered_seqs/vesicle_subset_cluster/cluster_tmp/251624631153159129/clu_tmp/3342489755518117060/linclust/1443721182477424345/pref -v 3 

Time for processing: 0h 0m 0s 17ms
rmdb results/05-clustered_seqs/vesicle_subset_cluster/cluster_tmp/251624631153159129/clu_tmp/3342489755518117060/linclust/1443721182477424345/pref_rescore1 -v 3 

Time for processing: 0h 0m 0s 52ms
rmdb results/05-clustered_seqs/vesicle_subset_cluster/cluster_tmp/251624631153159129/clu_tmp/3342489755518117060/linclust/1443721182477424345/pre_clust -v 3 

Time for processing: 0h 0m 0s 13ms
rmdb results/05-clustered_seqs/vesicle_subset_cluster/cluster_tmp/251624631153159129/clu_tmp/3342489755518117060/linclust/1443721182477424345/input_step_redundancy -v 3 

Time for processing: 0h 0m 0s 11ms
rmdb results/05-clustered_seqs/vesicle_subset_cluster/cluster_tmp/251624631153159129/clu_tmp/3342489755518117060/linclust/1443721182477424345/input_step_redundancy_h -v 3 

Time for processing: 0h 0m 0s 4ms
rmdb results/05-clustered_seqs/vesicle_subset_cluster/cluster_tmp/251624631153159129/clu_tmp/3342489755518117060/linclust/1443721182477424345/pref_filter2 -v 3 

Time for processing: 0h 0m 0s 49ms
rmdb results/05-clustered_seqs/vesicle_subset_cluster/cluster_tmp/251624631153159129/clu_tmp/3342489755518117060/linclust/1443721182477424345/pref_rescore2 -v 3 

Time for processing: 0h 0m 0s 44ms
rmdb results/05-clustered_seqs/vesicle_subset_cluster/cluster_tmp/251624631153159129/clu_tmp/3342489755518117060/linclust/1443721182477424345/aln -v 3 

Time for processing: 0h 0m 0s 63ms
rmdb results/05-clustered_seqs/vesicle_subset_cluster/cluster_tmp/251624631153159129/clu_tmp/3342489755518117060/linclust/1443721182477424345/clust -v 3 

Time for processing: 0h 0m 0s 20ms
createsubdb results/05-clustered_seqs/vesicle_subset_cluster/cluster_tmp/251624631153159129/clu_tmp/3342489755518117060/clu_redundancy results/05-clustered_seqs/vesicle_subset_cluster/cluster_tmp/251624631153159129/input results/05-clustered_seqs/vesicle_subset_cluster/cluster_tmp/251624631153159129/clu_tmp/3342489755518117060/input_step_redundancy -v 3 --subdb-mode 1 

Time for merging to input_step_redundancy: 0h 0m 0s 5ms
Time for processing: 0h 0m 0s 45ms
prefilter results/05-clustered_seqs/vesicle_subset_cluster/cluster_tmp/251624631153159129/clu_tmp/3342489755518117060/input_step_redundancy results/05-clustered_seqs/vesicle_subset_cluster/cluster_tmp/251624631153159129/clu_tmp/3342489755518117060/input_step_redundancy results/05-clustered_seqs/vesicle_subset_cluster/cluster_tmp/251624631153159129/clu_tmp/3342489755518117060/pref_step0 --sub-mat 'aa:blosum62.out,nucl:nucleotide.out' --seed-sub-mat 'aa:VTML80.out,nucl:nucleotide.out' -s 1 -k 0 --k-score seq:2147483647,prof:2147483647 --alph-size aa:21,nucl:5 --max-seq-len 65535 --max-seqs 20 --split 0 --split-mode 2 --split-memory-limit 0 -c 0.9 --cov-mode 1 --comp-bias-corr 0 --comp-bias-corr-scale 1 --diag-score 0 --exact-kmer-matching 0 --mask 1 --mask-prob 0.9 --mask-lower-case 0 --min-ungapped-score 0 --add-self-matches 0 --spaced-kmer-mode 1 --db-load-mode 0 --pca substitution:1.100,context:1.400 --pcb substitution:4.100,context:5.800 --threads 20 --compressed 0 -v 3 

Query database size: 46032 type: Aminoacid
Estimated memory consumption: 1G
Target database size: 46032 type: Aminoacid
Index table k-mer threshold: 154 at k-mer size 6 
Index table: counting k-mers
[=================================================================] 46.03K 0s 104ms
Index table: Masked residues: 56175
Index table: fill
[=================================================================] 46.03K 0s 43ms
Index statistics
Entries:          1969305
DB size:          499 MB
Avg k-mer size:   0.030770
Top 10 k-mers
    AAPGDD	90
    LYDNDT	88
    YTEPTV	83
    PKSRYT	79
    DTNRAR	73
    KPGGLY	73
    FPGHLV	63
    DPVTKP	53
    SERHGQ	53
    AGYKMR	53
Time for index table init: 0h 0m 0s 647ms
Process prefiltering step 1 of 1

k-mer similarity threshold: 154
Starting prefiltering scores calculation (step 1 of 1)
Query db start 1 to 46032
Target db start 1 to 46032
[=================================================================] 46.03K 0s 106ms

1.597671 k-mers per position
80 DB matches per sequence
0 overflows
0 queries produce too many hits (truncated result)
3 sequences passed prefiltering per query sequence
1 median result list length
0 sequences with 0 size result lists
Time for merging to pref_step0: 0h 0m 0s 109ms
Time for processing: 0h 0m 1s 271ms
align results/05-clustered_seqs/vesicle_subset_cluster/cluster_tmp/251624631153159129/clu_tmp/3342489755518117060/input_step_redundancy results/05-clustered_seqs/vesicle_subset_cluster/cluster_tmp/251624631153159129/clu_tmp/3342489755518117060/input_step_redundancy results/05-clustered_seqs/vesicle_subset_cluster/cluster_tmp/251624631153159129/clu_tmp/3342489755518117060/pref_step0 results/05-clustered_seqs/vesicle_subset_cluster/cluster_tmp/251624631153159129/clu_tmp/3342489755518117060/aln_step0 --sub-mat 'aa:blosum62.out,nucl:nucleotide.out' -a 0 --alignment-mode 3 --alignment-output-mode 0 --wrapped-scoring 0 -e 0.001 --min-seq-id 0.95 --min-aln-len 0 --seq-id-mode 0 --alt-ali 0 -c 0.9 --cov-mode 1 --max-seq-len 65535 --comp-bias-corr 0 --comp-bias-corr-scale 1 --max-rejected 2147483647 --max-accept 2147483647 --add-self-matches 0 --db-load-mode 0 --pca substitution:1.100,context:1.400 --pcb substitution:4.100,context:5.800 --score-bias 0 --realign 0 --realign-score-bias -0.2 --realign-max-seqs 2147483647 --corr-score-weight 0 --gap-open aa:11,nucl:5 --gap-extend aa:1,nucl:2 --zdrop 40 --threads 20 --compressed 0 -v 3 

Compute score, coverage and sequence identity
Query database size: 46032 type: Aminoacid
Target database size: 46032 type: Aminoacid
Calculation of alignments
[=================================================================] 46.03K 0s 393ms
Time for merging to aln_step0: 0h 0m 0s 99ms
136403 alignments calculated
46079 sequence pairs passed the thresholds (0.337815 of overall calculated)
1.001021 hits per query sequence
Time for processing: 0h 0m 0s 608ms
clust results/05-clustered_seqs/vesicle_subset_cluster/cluster_tmp/251624631153159129/clu_tmp/3342489755518117060/input_step_redundancy results/05-clustered_seqs/vesicle_subset_cluster/cluster_tmp/251624631153159129/clu_tmp/3342489755518117060/aln_step0 results/05-clustered_seqs/vesicle_subset_cluster/cluster_tmp/251624631153159129/clu_tmp/3342489755518117060/clu_step0 --cluster-mode 3 --max-iterations 1000 --similarity-type 2 --threads 20 --compressed 0 -v 3 

Clustering mode: Greedy Low Mem
Total time: 0h 0m 0s 37ms

Size of the sequence database: 46032
Size of the alignment database: 46032
Number of clusters: 45996

Writing results 0h 0m 0s 10ms
Time for merging to clu_step0: 0h 0m 0s 3ms
Time for processing: 0h 0m 0s 98ms
mergeclusters results/05-clustered_seqs/vesicle_subset_cluster/cluster_tmp/251624631153159129/input results/05-clustered_seqs/vesicle_subset_cluster/cluster_tmp/251624631153159129/clu results/05-clustered_seqs/vesicle_subset_cluster/cluster_tmp/251624631153159129/clu_tmp/3342489755518117060/clu_redundancy results/05-clustered_seqs/vesicle_subset_cluster/cluster_tmp/251624631153159129/clu_tmp/3342489755518117060/clu_step0 --threads 20 --compressed 0 -v 3 

Clustering step 1
[=================================================================] 46.03K 0s 11ms
Clustering step 2
[=================================================================] 46.00K 0s 30ms
Write merged clustering
[=================================================================] 46.87K 0s 82ms
Time for merging to clu: 0h 0m 0s 461ms
Time for processing: 0h 0m 0s 610ms
rmdb results/05-clustered_seqs/vesicle_subset_cluster/cluster_tmp/251624631153159129/clu_tmp/3342489755518117060/clu_redundancy -v 3 

Time for processing: 0h 0m 0s 139ms
rmdb results/05-clustered_seqs/vesicle_subset_cluster/cluster_tmp/251624631153159129/clu_tmp/3342489755518117060/input_step_redundancy -v 3 

Time for processing: 0h 0m 0s 9ms
rmdb results/05-clustered_seqs/vesicle_subset_cluster/cluster_tmp/251624631153159129/clu_tmp/3342489755518117060/input_step_redundancy_h -v 3 

Time for processing: 0h 0m 0s 4ms
rmdb results/05-clustered_seqs/vesicle_subset_cluster/cluster_tmp/251624631153159129/clu_tmp/3342489755518117060/pref_step0 -v 3 

Time for processing: 0h 0m 0s 100ms
rmdb results/05-clustered_seqs/vesicle_subset_cluster/cluster_tmp/251624631153159129/clu_tmp/3342489755518117060/aln_step0 -v 3 

Time for processing: 0h 0m 0s 196ms
rmdb results/05-clustered_seqs/vesicle_subset_cluster/cluster_tmp/251624631153159129/clu_tmp/3342489755518117060/clu_step0 -v 3 

Time for processing: 0h 0m 0s 11ms
createtsv results/05-clustered_seqs/vesicle_subset_cluster/cluster_tmp/251624631153159129/input results/05-clustered_seqs/vesicle_subset_cluster/cluster_tmp/251624631153159129/input results/05-clustered_seqs/vesicle_subset_cluster/cluster_tmp/251624631153159129/clu results/05-clustered_seqs/vesicle_subset_cluster/cluster_tmp/251624631153159129/cluster.tsv --threads 20 -v 3 

Time for merging to cluster.tsv: 0h 0m 0s 249ms
Time for processing: 0h 0m 0s 382ms
result2repseq results/05-clustered_seqs/vesicle_subset_cluster/cluster_tmp/251624631153159129/input results/05-clustered_seqs/vesicle_subset_cluster/cluster_tmp/251624631153159129/clu results/05-clustered_seqs/vesicle_subset_cluster/cluster_tmp/251624631153159129/clu_rep --db-load-mode 0 --compressed 0 --threads 20 -v 3 

[=================================================================] 46.00K 0s 24ms
Time for merging to clu_rep: 0h 0m 0s 215ms
Time for processing: 0h 0m 0s 391ms
result2flat results/05-clustered_seqs/vesicle_subset_cluster/cluster_tmp/251624631153159129/input results/05-clustered_seqs/vesicle_subset_cluster/cluster_tmp/251624631153159129/input results/05-clustered_seqs/vesicle_subset_cluster/cluster_tmp/251624631153159129/clu_rep results/05-clustered_seqs/vesicle_subset_cluster/cluster_tmp/251624631153159129/rep_seq.fasta --use-fasta-header -v 3 

Time for processing: 0h 0m 0s 153ms
createseqfiledb results/05-clustered_seqs/vesicle_subset_cluster/cluster_tmp/251624631153159129/input results/05-clustered_seqs/vesicle_subset_cluster/cluster_tmp/251624631153159129/clu results/05-clustered_seqs/vesicle_subset_cluster/cluster_tmp/251624631153159129/clu_seqs --threads 20 -v 3 

[=================================================================] 46.00K 0s 24ms
Time for merging to clu_seqs: 0h 0m 0s 130ms
Time for processing: 0h 0m 0s 295ms
result2flat results/05-clustered_seqs/vesicle_subset_cluster/cluster_tmp/251624631153159129/input results/05-clustered_seqs/vesicle_subset_cluster/cluster_tmp/251624631153159129/input results/05-clustered_seqs/vesicle_subset_cluster/cluster_tmp/251624631153159129/clu_seqs results/05-clustered_seqs/vesicle_subset_cluster/cluster_tmp/251624631153159129/all_seqs.fasta -v 3 

Time for processing: 0h 0m 0s 190ms
rmdb results/05-clustered_seqs/vesicle_subset_cluster/cluster_tmp/251624631153159129/input -v 3 

Time for processing: 0h 0m 0s 19ms
rmdb results/05-clustered_seqs/vesicle_subset_cluster/cluster_tmp/251624631153159129/input_h -v 3 

Time for processing: 0h 0m 0s 76ms
rmdb results/05-clustered_seqs/vesicle_subset_cluster/cluster_tmp/251624631153159129/clu_seqs -v 3 

Time for processing: 0h 0m 0s 118ms
rmdb results/05-clustered_seqs/vesicle_subset_cluster/cluster_tmp/251624631153159129/clu_rep -v 3 

Time for processing: 0h 0m 0s 19ms
rmdb results/05-clustered_seqs/vesicle_subset_cluster/cluster_tmp/251624631153159129/clu -v 3 

Time for processing: 0h 0m 0s 50ms
 
time(sec):
8
