N E X T F L O W  ~  version 22.10.7
Launching `https://github.com/BigelowLab/gorg-classifier` [desperate_stonebraker] DSL2 - revision: 5ae3a4beb7 [master]


=======================================================================
GORG Classifier, Single Cell Genome Center, Bigelow Laboratory
=======================================================================

#### Homepage / Documentation
https://github.com/BigelowLab/gorg-classifier
#### Citation
https://doi.org/10.1016/j.cell.2019.11.017
#### Reference data
URL: https://osf.io/pcwj9
License: Attribution-NonCommercial 4.0 International.
#### Authors
Joe Brown <brwnjm@gmail.com>
-----------------------------------------------------------------------

Sequences          (*.fq/*.fna)   : results/03-assembled_seqs/cellular_subset_assembly/contigs.fasta
Mode                              : ncbi
Nodes              (nodes.dmp)    : /v1/resources/pcwj9/providers/osfstorage/5db12d3446b571000d06473b
Names              (names.dmp)    : /v1/resources/pcwj9/providers/osfstorage/5db12d3146b571000b0663af
Kaiju Index        (.fmi)         : /v1/resources/pcwj9/providers/osfstorage/5db12d0946b571000d064725
GORG Annotations   (.tsv)         : /v1/resources/pcwj9/providers/osfstorage/5db12a440db187000e3afd8a
Output directory                  : results/06-gorg_classification/cellular_subset_classification
Kaiju mismatches                  : 3
Kaiju minimum alignment length    : 11
Kaiju CPUs                        : 8
-----------------------------------------------------------------------


[-        ] process > run_kaiju             -
[-        ] process > add_taxonomy          -
[-        ] process > add_functions         -
[-        ] process > summarize_annotations -

[-        ] process > run_kaiju             -
[-        ] process > add_taxonomy          -
[-        ] process > add_functions         -
[-        ] process > summarize_annotations -
Staging foreign file: https://files.osf.io/v1/resources/pcwj9/providers/osfstorage/5db12d3446b571000d06473b

[-        ] process > run_kaiju             -
[-        ] process > add_taxonomy          -
[-        ] process > add_functions         -
[-        ] process > summarize_annotations -
Staging foreign file: https://files.osf.io/v1/resources/pcwj9/providers/osfstorage/5db12d3446b571000d06473b
Staging foreign file: https://files.osf.io/v1/resources/pcwj9/providers/osfstorage/5db12d0946b571000d064725

executor >  local (1)
[3d/38d7c7] process > run_kaiju (contigs)   [  0%] 0 of 1
[-        ] process > add_taxonomy          -
[-        ] process > add_functions         -
[-        ] process > summarize_annotations -



executor >  local (1)
[3d/38d7c7] process > run_kaiju (contigs)   [  0%] 0 of 1
[-        ] process > add_taxonomy          -
[-        ] process > add_functions         -
[-        ] process > summarize_annotations -



executor >  local (1)
[3d/38d7c7] process > run_kaiju (contigs)   [100%] 1 of 1 ✔
[-        ] process > add_taxonomy          -
[-        ] process > add_functions         -
[-        ] process > summarize_annotations -

executor >  local (1)
[3d/38d7c7] process > run_kaiju (contigs)   [100%] 1 of 1 ✔
[-        ] process > add_taxonomy          -
[-        ] process > add_functions         -
[-        ] process > summarize_annotations -
Staging foreign file: https://files.osf.io/v1/resources/pcwj9/providers/osfstorage/5db12d3146b571000b0663af

executor >  local (2)
[3d/38d7c7] process > run_kaiju (contigs)    [100%] 1 of 1 ✔
[72/0ad793] process > add_taxonomy (contigs) [  0%] 0 of 1
[-        ] process > add_functions          -
[-        ] process > summarize_annotations  -
Staging foreign file: https://files.osf.io/v1/resources/pcwj9/providers/osfstorage/5db12d3146b571000b0663af

executor >  local (2)
[3d/38d7c7] process > run_kaiju (contigs)    [100%] 1 of 1 ✔
[72/0ad793] process > add_taxonomy (contigs) [100%] 1 of 1 ✔
[-        ] process > add_functions          -
[-        ] process > summarize_annotations  -
Staging foreign file: https://files.osf.io/v1/resources/pcwj9/providers/osfstorage/5db12d3146b571000b0663af

executor >  local (2)
[3d/38d7c7] process > run_kaiju (contigs)    [100%] 1 of 1 ✔
[72/0ad793] process > add_taxonomy (contigs) [100%] 1 of 1 ✔
[-        ] process > add_functions          -
[-        ] process > summarize_annotations  -
Staging foreign file: https://files.osf.io/v1/resources/pcwj9/providers/osfstorage/5db12d3146b571000b0663af
Staging foreign file: https://files.osf.io/v1/resources/pcwj9/providers/osfstorage/5db12a440db187000e3afd8a

executor >  local (2)
[3d/38d7c7] process > run_kaiju (contigs)    [100%] 1 of 1 ✔
[72/0ad793] process > add_taxonomy (contigs) [100%] 1 of 1 ✔
[-        ] process > add_functions          [  0%] 0 of 1
[-        ] process > summarize_annotations  -
Staging foreign file: https://files.osf.io/v1/resources/pcwj9/providers/osfstorage/5db12d3146b571000b0663af
Staging foreign file: https://files.osf.io/v1/resources/pcwj9/providers/osfstorage/5db12a440db187000e3afd8a

executor >  local (3)
[3d/38d7c7] process > run_kaiju (contigs)     [100%] 1 of 1 ✔
[72/0ad793] process > add_taxonomy (contigs)  [100%] 1 of 1 ✔
[52/d894c5] process > add_functions (contigs) [  0%] 0 of 1
[-        ] process > summarize_annotations   -
Staging foreign file: https://files.osf.io/v1/resources/pcwj9/providers/osfstorage/5db12d3146b571000b0663af
Staging foreign file: https://files.osf.io/v1/resources/pcwj9/providers/osfstorage/5db12a440db187000e3afd8a

executor >  local (4)
[3d/38d7c7] process > run_kaiju (contigs)            [100%] 1 of 1 ✔
[72/0ad793] process > add_taxonomy (contigs)         [100%] 1 of 1 ✔
[52/d894c5] process > add_functions (contigs)        [100%] 1 of 1 ✔
[cf/22ae60] process > summarize_annotations (cont... [  0%] 0 of 1



executor >  local (4)
[3d/38d7c7] process > run_kaiju (contigs)            [100%] 1 of 1 ✔
[72/0ad793] process > add_taxonomy (contigs)         [100%] 1 of 1 ✔
[52/d894c5] process > add_functions (contigs)        [100%] 1 of 1 ✔
[cf/22ae60] process > summarize_annotations (cont... [100%] 1 of 1 ✔



executor >  local (4)
[3d/38d7c7] process > run_kaiju (contigs)            [100%] 1 of 1 ✔
[72/0ad793] process > add_taxonomy (contigs)         [100%] 1 of 1 ✔
[52/d894c5] process > add_functions (contigs)        [100%] 1 of 1 ✔
[cf/22ae60] process > summarize_annotations (cont... [100%] 1 of 1 ✔
Completed at: 09-Jun-2023 20:25:55
Duration    : 2m 30s
CPU hours   : (a few seconds)
Succeeded   : 4


time(sec):
167
 
status:
successful